atlas.json
book.asciidoc
code
for_use_mastering-bitcoin_appdx-bitcoinwhitepapertxt_fr_CA.asciidoc
for_use_mastering-bitcoin_appdx-bitcoretxt_fr_CA.asciidoc
for_use_mastering-bitcoin_appendix-bips_fr_CA.asciidoc
for_use_mastering-bitcoin_appendix-bx_fr_CA.asciidoc
for_use_mastering-bitcoin_appendix-pycoin_fr_CA.asciidoc
for_use_mastering-bitcoin_appendix-script-ops_fr_CA.asciidoc
for_use_mastering-bitcoin_author_biohtml_fr_CA.html
for_use_mastering-bitcoin_chapter-10_fr_CA.asciidoc
for_use_mastering-bitcoin_chapter-11_fr_CA.asciidoc
for_use_mastering-bitcoin_chapter-12_fr_CA.asciidoc
for_use_mastering-bitcoin_chapter-1_fr_CA.asciidoc
for_use_mastering-bitcoin_chapter-2_fr_CA.asciidoc
for_use_mastering-bitcoin_chapter-3_fr_CA.asciidoc
for_use_mastering-bitcoin_chapter-4_fr_CA.asciidoc
for_use_mastering-bitcoin_chapter-5_fr_CA.asciidoc
for_use_mastering-bitcoin_chapter-6_fr_CA.asciidoc
for_use_mastering-bitcoin_chapter-7_fr_CA.asciidoc
for_use_mastering-bitcoin_chapter-8_fr_CA.asciidoc
for_use_mastering-bitcoin_chapter-9_fr_CA.asciidoc
for_use_mastering-bitcoin_colohtml_fr_CA.html
for_use_mastering-bitcoin_copyrighthtml_fr_CA.html
for_use_mastering-bitcoin_dedicationhtml_fr_CA.html
for_use_mastering-bitcoin_description_fr_CA.asciidoc
for_use_mastering-bitcoin_githubcontrib_fr_CA.asciidoc
for_use_mastering-bitcoin_glossary-1_fr_CA.asciidoc
for_use_mastering-bitcoin_headings_fr_CA.asciidoc
for_use_mastering-bitcoin_praise_fr_CA.asciidoc
for_use_mastering-bitcoin_preface-open_fr_CA.asciidoc
for_use_mastering-bitcoin_preface_fr_CA.asciidoc
for_use_mastering-bitcoin_readmemd_fr_CA.md
for_use_mastering-bitcoin_title_fr_CA.asciidoc
images
ix.html
list.out
theme
